To honour the JVM settings for this build a single-use Daemon process will be forked. See https://docs.gradle.org/7.5/userguide/gradle_daemon.html#sec:disabling_the_daemon.
Daemon will be stopped at the end of the build 
> Task :app:preBuild UP-TO-DATE
> Task :app:preDebugBuild UP-TO-DATE
> Task :app:compileDebugAidl NO-SOURCE
> Task :app:compileDebugRenderscript NO-SOURCE
> Task :app:dataBindingMergeDependencyArtifactsDebug UP-TO-DATE
> Task :app:dataBindingMergeGenClassesDebug UP-TO-DATE
> Task :app:generateDebugResValues UP-TO-DATE
> Task :app:generateDebugResources UP-TO-DATE
> Task :app:mergeDebugResources UP-TO-DATE
> Task :app:dataBindingGenBaseClassesDebug UP-TO-DATE
> Task :app:generateDebugBuildConfig UP-TO-DATE
> Task :app:checkDebugAarMetadata UP-TO-DATE
> Task :app:createDebugCompatibleScreenManifests UP-TO-DATE
> Task :app:extractDeepLinksDebug UP-TO-DATE
> Task :app:processDebugMainManifest UP-TO-DATE
> Task :app:processDebugManifest UP-TO-DATE
> Task :app:processDebugManifestForPackage UP-TO-DATE
> Task :app:processDebugResources UP-TO-DATE

> Task :app:compileDebugKotlin FAILED
e: /home/runner/work/GPS01/GPS01/gps-simulator-android/app/src/main/java/com/gpssimulator/data/GPSSimulatorState.kt: (18, 7): Redeclaration: GPSSimulatorStateManager
e: /home/runner/work/GPS01/GPS01/gps-simulator-android/app/src/main/java/com/gpssimulator/data/GPSSimulatorStateManager.kt: (3, 8): Redeclaration: GPSSimulatorStateManager
e: /home/runner/work/GPS01/GPS01/gps-simulator-android/app/src/main/java/com/gpssimulator/ui/MainActivity.kt: (125, 42): Unresolved reference: setTargetLocation
e: /home/runner/work/GPS01/GPS01/gps-simulator-android/app/src/main/java/com/gpssimulator/ui/MainActivity.kt: (183, 36): This is an internal kotlinx.coroutines API that should not be used from outside of kotlinx.coroutines. No compatibility guarantees are provided. It is recommended to report your use-case of internal API to kotlinx.coroutines issue tracker, so stable API could be provided instead
e: /home/runner/work/GPS01/GPS01/gps-simulator-android/app/src/main/java/com/gpssimulator/ui/MainActivity.kt: (183, 44): Type mismatch: inferred type is ([ERROR : <Unknown lambda parameter type>]) -> Unit but FlowCollector<SimulationState> was expected
e: /home/runner/work/GPS01/GPS01/gps-simulator-android/app/src/main/java/com/gpssimulator/ui/MainActivity.kt: (183, 46): Cannot infer a type for this parameter. Please specify it explicitly.
e: /home/runner/work/GPS01/GPS01/gps-simulator-android/app/src/main/java/com/gpssimulator/ui/MainActivity.kt: (255, 38): Unresolved reference: setTargetLocation

FAILURE: Build failed with an exception.

* What went wrong:
Execution failed for task ':app:compileDebugKotlin'.
> Compilation error. See log for more details

* Try:
> Run with --stacktrace option to get the stack trace.
> Run with --info or --debug option to get more log output.
> Run with --scan to get full insights.

* Get more help at https://help.gradle.org

Deprecated Gradle features were used in this build, making it incompatible with Gradle 8.0.

You can use '--warning-mode all' to show the individual deprecation warnings and determine if they come from your own scripts or plugins.

See https://docs.gradle.org/7.5/userguide/command_line_interface.html#sec:command_line_warnings

BUILD FAILED in 17s
14 actionable tasks: 1 executed, 13 up-to-date
